{"D:\\learning_clean\\todo-backend\\src\\02_logic\\use-cases\\CreateTodo.ts": {"path":"D:\\learning_clean\\todo-backend\\src\\02_logic\\use-cases\\CreateTodo.ts","statementMap":{"0":{"start":{"line":9,"column":2},"end":{"line":18,"column":3}},"1":{"start":{"line":10,"column":2},"end":{"line":18,"column":3}},"2":{"start":{"line":11,"column":23},"end":{"line":16,"column":6}},"3":{"start":{"line":17,"column":4},"end":{"line":17,"column":29}},"4":{"start":{"line":8,"column":13},"end":{"line":8,"column":null}}},"fnMap":{"0":{"name":"(anonymous_0)","decl":{"start":{"line":9,"column":2},"end":{"line":9,"column":3}},"loc":{"start":{"line":10,"column":2},"end":{"line":18,"column":3}}},"1":{"name":"(anonymous_1)","decl":{"start":{"line":10,"column":2},"end":{"line":10,"column":7}},"loc":{"start":{"line":10,"column":50},"end":{"line":18,"column":3}}}},"branchMap":{},"s":{"0":1,"1":1,"2":1,"3":1,"4":1},"f":{"0":1,"1":1},"b":{}}
,"D:\\learning_clean\\todo-backend\\src\\02_logic\\use-cases\\GetTodos.ts": {"path":"D:\\learning_clean\\todo-backend\\src\\02_logic\\use-cases\\GetTodos.ts","statementMap":{"0":{"start":{"line":4,"column":24},"end":{"line":6,"column":1}},"1":{"start":{"line":4,"column":50},"end":{"line":6,"column":1}},"2":{"start":{"line":5,"column":2},"end":{"line":5,"column":24}},"3":{"start":{"line":4,"column":13},"end":{"line":4,"column":24}}},"fnMap":{"0":{"name":"(anonymous_0)","decl":{"start":{"line":4,"column":24},"end":{"line":4,"column":25}},"loc":{"start":{"line":4,"column":50},"end":{"line":6,"column":1}}},"1":{"name":"(anonymous_1)","decl":{"start":{"line":4,"column":50},"end":{"line":4,"column":55}},"loc":{"start":{"line":4,"column":78},"end":{"line":6,"column":1}}}},"branchMap":{},"s":{"0":1,"1":1,"2":1,"3":1},"f":{"0":1,"1":1},"b":{}}
}
